
**** Clean-only build of configuration F2806x for project 280xxBootLoader ****

"C:\\ti\\ccsv7\\utils\\bin\\gmake" -k -j 4 clean -O 
DEL /F  "280xxBootLoader.hex"  "280xxBootLoader.out" 
DEL /F "DSP2803x_loaderCodeStartBranch.obj" "Exit_Boot.obj" "InitBootLoader.obj" "SCI_Boot.obj" "Shared_Boot.obj" "descriptor.obj" "flashcheck.obj" "main.obj" "device_support\F2806x_v151\F2806x_common\source\F2806x_CpuTimers.obj" "device_support\F2806x_v151\F2806x_common\source\F2806x_DefaultIsr.obj" "device_support\F2806x_v151\F2806x_common\source\F2806x_PieCtrl.obj" "device_support\F2806x_v151\F2806x_common\source\F2806x_PieVect.obj" "device_support\F2806x_v151\F2806x_common\source\F2806x_SysCtrl.obj" "device_support\F2806x_v151\F2806x_common\source\F2806x_usDelay.obj" "device_support\F2806x_v151\F2806x_headers\source\F2806x_GlobalVariableDefs.obj" 
DEL /F "SCI_Boot.d" "Shared_Boot.d" "descriptor.d" "flashcheck.d" "main.d" "device_support\F2806x_v151\F2806x_common\source\F2806x_CpuTimers.d" "device_support\F2806x_v151\F2806x_common\source\F2806x_DefaultIsr.d" "device_support\F2806x_v151\F2806x_common\source\F2806x_PieCtrl.d" "device_support\F2806x_v151\F2806x_common\source\F2806x_PieVect.d" "device_support\F2806x_v151\F2806x_common\source\F2806x_SysCtrl.d" "device_support\F2806x_v151\F2806x_headers\source\F2806x_GlobalVariableDefs.d" 
DEL /F "DSP280xx_loaderCodeStartBranch.d" "Exit_Boot.d" "InitBootLoader.d" "device_support\F2806x_v151\F2806x_common\source\F2806x_usDelay.d" 
Could Not Find C:\projects\CCS\280xxBootLoader\280xxBootLoader\F2806x\DSP280xx_loaderCodeStartBranch.d
Could Not Find C:\projects\CCS\280xxBootLoader\280xxBootLoader\F2806x\device_support\F2806x_v151\F2806x_common\source\F2806x_usDelay.d
'Finished clean'
' '

**** Build Finished ****

**** Build of configuration F2806x for project 280xxBootLoader ****

"C:\\ti\\ccsv7\\utils\\bin\\gmake" -k -j 4 all -O 
'Building file: C:/projects/CCS/280xxBootLoader/asm/DSP2803x_loaderCodeStartBranch.asm'
'Invoking: C2000 Compiler'
"C:/ti/ccsv7/tools/compiler/ti-cgt-c2000_16.9.1.LTS/bin/cl2000" -v28 -ml -mt --float_support=softlib -O4 --opt_for_speed=5 --include_path="C:/projects/CCS/280xxBootLoader/Compiler/ti-cgt-c2000_16.9.1.LTS/include" --include_path="C:/projects/CCS/280xxBootLoader/280xxBootLoader/device_support/F2806x_v151/F2806x_headers/include" --include_path="C:/projects/CCS/280xxBootLoader/280xxBootLoader/device_support/F2806x_v151/F2806x_common/include" --advice:performance=all --define=_INLINE --define=F2806x_PRE_DEF --undefine=F2803x_PRE_DEF -g --diag_warning=225 --diag_wrap=off --display_error_number --preproc_with_compile --preproc_dependency="DSP280xx_loaderCodeStartBranch.d"  "C:/projects/CCS/280xxBootLoader/asm/DSP2803x_loaderCodeStartBranch.asm"
'Finished building: C:/projects/CCS/280xxBootLoader/asm/DSP2803x_loaderCodeStartBranch.asm'
' '
'Building file: C:/projects/CCS/280xxBootLoader/asm/Exit_Boot.asm'
'Invoking: C2000 Compiler'
"C:/ti/ccsv7/tools/compiler/ti-cgt-c2000_16.9.1.LTS/bin/cl2000" -v28 -ml -mt --float_support=softlib -O4 --opt_for_speed=5 --include_path="C:/projects/CCS/280xxBootLoader/Compiler/ti-cgt-c2000_16.9.1.LTS/include" --include_path="C:/projects/CCS/280xxBootLoader/280xxBootLoader/device_support/F2806x_v151/F2806x_headers/include" --include_path="C:/projects/CCS/280xxBootLoader/280xxBootLoader/device_support/F2806x_v151/F2806x_common/include" --advice:performance=all --define=_INLINE --define=F2806x_PRE_DEF --undefine=F2803x_PRE_DEF -g --diag_warning=225 --diag_wrap=off --display_error_number --preproc_with_compile --preproc_dependency="Exit_Boot.d"  "C:/projects/CCS/280xxBootLoader/asm/Exit_Boot.asm"
'Finished building: C:/projects/CCS/280xxBootLoader/asm/Exit_Boot.asm'
' '
'Building file: C:/projects/CCS/280xxBootLoader/asm/InitBootLoader.asm'
'Invoking: C2000 Compiler'
"C:/ti/ccsv7/tools/compiler/ti-cgt-c2000_16.9.1.LTS/bin/cl2000" -v28 -ml -mt --float_support=softlib -O4 --opt_for_speed=5 --include_path="C:/projects/CCS/280xxBootLoader/Compiler/ti-cgt-c2000_16.9.1.LTS/include" --include_path="C:/projects/CCS/280xxBootLoader/280xxBootLoader/device_support/F2806x_v151/F2806x_headers/include" --include_path="C:/projects/CCS/280xxBootLoader/280xxBootLoader/device_support/F2806x_v151/F2806x_common/include" --advice:performance=all --define=_INLINE --define=F2806x_PRE_DEF --undefine=F2803x_PRE_DEF -g --diag_warning=225 --diag_wrap=off --display_error_number --preproc_with_compile --preproc_dependency="InitBootLoader.d"  "C:/projects/CCS/280xxBootLoader/asm/InitBootLoader.asm"
'Finished building: C:/projects/CCS/280xxBootLoader/asm/InitBootLoader.asm'
' '
'Building file: C:/projects/CCS/280xxBootLoader/SRC/descriptor.c'
'Invoking: C2000 Compiler'
"C:/ti/ccsv7/tools/compiler/ti-cgt-c2000_16.9.1.LTS/bin/cl2000" -v28 -ml -mt --float_support=softlib -O4 --opt_for_speed=5 --include_path="C:/projects/CCS/280xxBootLoader/Compiler/ti-cgt-c2000_16.9.1.LTS/include" --include_path="C:/projects/CCS/280xxBootLoader/280xxBootLoader/device_support/F2806x_v151/F2806x_headers/include" --include_path="C:/projects/CCS/280xxBootLoader/280xxBootLoader/device_support/F2806x_v151/F2806x_common/include" --advice:performance=all --define=_INLINE --define=F2806x_PRE_DEF --undefine=F2803x_PRE_DEF -g --diag_warning=225 --diag_wrap=off --display_error_number --preproc_with_compile --preproc_dependency="descriptor.d"  "C:/projects/CCS/280xxBootLoader/SRC/descriptor.c"
'Finished building: C:/projects/CCS/280xxBootLoader/SRC/descriptor.c'
' '
'Building file: C:/projects/CCS/280xxBootLoader/SRC/flashcheck.c'
'Invoking: C2000 Compiler'
"C:/ti/ccsv7/tools/compiler/ti-cgt-c2000_16.9.1.LTS/bin/cl2000" -v28 -ml -mt --float_support=softlib -O4 --opt_for_speed=5 --include_path="C:/projects/CCS/280xxBootLoader/Compiler/ti-cgt-c2000_16.9.1.LTS/include" --include_path="C:/projects/CCS/280xxBootLoader/280xxBootLoader/device_support/F2806x_v151/F2806x_headers/include" --include_path="C:/projects/CCS/280xxBootLoader/280xxBootLoader/device_support/F2806x_v151/F2806x_common/include" --advice:performance=all --define=_INLINE --define=F2806x_PRE_DEF --undefine=F2803x_PRE_DEF -g --diag_warning=225 --diag_wrap=off --display_error_number --preproc_with_compile --preproc_dependency="flashcheck.d"  "C:/projects/CCS/280xxBootLoader/SRC/flashcheck.c"
'Finished building: C:/projects/CCS/280xxBootLoader/SRC/flashcheck.c'
' '
'Building file: C:/projects/CCS/280xxBootLoader/SRC/SCI_Boot.c'
'Invoking: C2000 Compiler'
"C:/ti/ccsv7/tools/compiler/ti-cgt-c2000_16.9.1.LTS/bin/cl2000" -v28 -ml -mt --float_support=softlib -O4 --opt_for_speed=5 --include_path="C:/projects/CCS/280xxBootLoader/Compiler/ti-cgt-c2000_16.9.1.LTS/include" --include_path="C:/projects/CCS/280xxBootLoader/280xxBootLoader/device_support/F2806x_v151/F2806x_headers/include" --include_path="C:/projects/CCS/280xxBootLoader/280xxBootLoader/device_support/F2806x_v151/F2806x_common/include" --advice:performance=all --define=_INLINE --define=F2806x_PRE_DEF --undefine=F2803x_PRE_DEF -g --diag_warning=225 --diag_wrap=off --display_error_number --preproc_with_compile --preproc_dependency="SCI_Boot.d"  "C:/projects/CCS/280xxBootLoader/SRC/SCI_Boot.c"
'Finished building: C:/projects/CCS/280xxBootLoader/SRC/SCI_Boot.c'
' '
'Building file: C:/projects/CCS/280xxBootLoader/SRC/Shared_Boot.c'
'Invoking: C2000 Compiler'
"C:/ti/ccsv7/tools/compiler/ti-cgt-c2000_16.9.1.LTS/bin/cl2000" -v28 -ml -mt --float_support=softlib -O4 --opt_for_speed=5 --include_path="C:/projects/CCS/280xxBootLoader/Compiler/ti-cgt-c2000_16.9.1.LTS/include" --include_path="C:/projects/CCS/280xxBootLoader/280xxBootLoader/device_support/F2806x_v151/F2806x_headers/include" --include_path="C:/projects/CCS/280xxBootLoader/280xxBootLoader/device_support/F2806x_v151/F2806x_common/include" --advice:performance=all --define=_INLINE --define=F2806x_PRE_DEF --undefine=F2803x_PRE_DEF -g --diag_warning=225 --diag_wrap=off --display_error_number --preproc_with_compile --preproc_dependency="Shared_Boot.d"  "C:/projects/CCS/280xxBootLoader/SRC/Shared_Boot.c"
'Finished building: C:/projects/CCS/280xxBootLoader/SRC/Shared_Boot.c'
' '
'Building file: C:/projects/CCS/280xxBootLoader/SRC/main.c'
'Invoking: C2000 Compiler'
"C:/ti/ccsv7/tools/compiler/ti-cgt-c2000_16.9.1.LTS/bin/cl2000" -v28 -ml -mt --float_support=softlib -O4 --opt_for_speed=5 --include_path="C:/projects/CCS/280xxBootLoader/Compiler/ti-cgt-c2000_16.9.1.LTS/include" --include_path="C:/projects/CCS/280xxBootLoader/280xxBootLoader/device_support/F2806x_v151/F2806x_headers/include" --include_path="C:/projects/CCS/280xxBootLoader/280xxBootLoader/device_support/F2806x_v151/F2806x_common/include" --advice:performance=all --define=_INLINE --define=F2806x_PRE_DEF --undefine=F2803x_PRE_DEF -g --diag_warning=225 --diag_wrap=off --display_error_number --preproc_with_compile --preproc_dependency="main.d"  "C:/projects/CCS/280xxBootLoader/SRC/main.c"
'Finished building: C:/projects/CCS/280xxBootLoader/SRC/main.c'
' '
'Building file: ../device_support/F2806x_v151/F2806x_common/source/F2806x_CpuTimers.c'
'Invoking: C2000 Compiler'
"C:/ti/ccsv7/tools/compiler/ti-cgt-c2000_16.9.1.LTS/bin/cl2000" -v28 -ml -mt --float_support=softlib -O4 --opt_for_speed=5 --include_path="C:/projects/CCS/280xxBootLoader/Compiler/ti-cgt-c2000_16.9.1.LTS/include" --include_path="C:/projects/CCS/280xxBootLoader/280xxBootLoader/device_support/F2806x_v151/F2806x_headers/include" --include_path="C:/projects/CCS/280xxBootLoader/280xxBootLoader/device_support/F2806x_v151/F2806x_common/include" --advice:performance=all --define=_INLINE --define=F2806x_PRE_DEF --undefine=F2803x_PRE_DEF -g --diag_warning=225 --diag_wrap=off --display_error_number --preproc_with_compile --preproc_dependency="device_support/F2806x_v151/F2806x_common/source/F2806x_CpuTimers.d" --obj_directory="device_support/F2806x_v151/F2806x_common/source"  "../device_support/F2806x_v151/F2806x_common/source/F2806x_CpuTimers.c"
'Finished building: ../device_support/F2806x_v151/F2806x_common/source/F2806x_CpuTimers.c'
' '
'Building file: ../device_support/F2806x_v151/F2806x_common/source/F2806x_PieCtrl.c'
'Invoking: C2000 Compiler'
"C:/ti/ccsv7/tools/compiler/ti-cgt-c2000_16.9.1.LTS/bin/cl2000" -v28 -ml -mt --float_support=softlib -O4 --opt_for_speed=5 --include_path="C:/projects/CCS/280xxBootLoader/Compiler/ti-cgt-c2000_16.9.1.LTS/include" --include_path="C:/projects/CCS/280xxBootLoader/280xxBootLoader/device_support/F2806x_v151/F2806x_headers/include" --include_path="C:/projects/CCS/280xxBootLoader/280xxBootLoader/device_support/F2806x_v151/F2806x_common/include" --advice:performance=all --define=_INLINE --define=F2806x_PRE_DEF --undefine=F2803x_PRE_DEF -g --diag_warning=225 --diag_wrap=off --display_error_number --preproc_with_compile --preproc_dependency="device_support/F2806x_v151/F2806x_common/source/F2806x_PieCtrl.d" --obj_directory="device_support/F2806x_v151/F2806x_common/source"  "../device_support/F2806x_v151/F2806x_common/source/F2806x_PieCtrl.c"
'Finished building: ../device_support/F2806x_v151/F2806x_common/source/F2806x_PieCtrl.c'
' '
'Building file: ../device_support/F2806x_v151/F2806x_common/source/F2806x_DefaultIsr.c'
'Invoking: C2000 Compiler'
"C:/ti/ccsv7/tools/compiler/ti-cgt-c2000_16.9.1.LTS/bin/cl2000" -v28 -ml -mt --float_support=softlib -O4 --opt_for_speed=5 --include_path="C:/projects/CCS/280xxBootLoader/Compiler/ti-cgt-c2000_16.9.1.LTS/include" --include_path="C:/projects/CCS/280xxBootLoader/280xxBootLoader/device_support/F2806x_v151/F2806x_headers/include" --include_path="C:/projects/CCS/280xxBootLoader/280xxBootLoader/device_support/F2806x_v151/F2806x_common/include" --advice:performance=all --define=_INLINE --define=F2806x_PRE_DEF --undefine=F2803x_PRE_DEF -g --diag_warning=225 --diag_wrap=off --display_error_number --preproc_with_compile --preproc_dependency="device_support/F2806x_v151/F2806x_common/source/F2806x_DefaultIsr.d" --obj_directory="device_support/F2806x_v151/F2806x_common/source"  "../device_support/F2806x_v151/F2806x_common/source/F2806x_DefaultIsr.c"
'Finished building: ../device_support/F2806x_v151/F2806x_common/source/F2806x_DefaultIsr.c'
' '
'Building file: ../device_support/F2806x_v151/F2806x_common/source/F2806x_PieVect.c'
'Invoking: C2000 Compiler'
"C:/ti/ccsv7/tools/compiler/ti-cgt-c2000_16.9.1.LTS/bin/cl2000" -v28 -ml -mt --float_support=softlib -O4 --opt_for_speed=5 --include_path="C:/projects/CCS/280xxBootLoader/Compiler/ti-cgt-c2000_16.9.1.LTS/include" --include_path="C:/projects/CCS/280xxBootLoader/280xxBootLoader/device_support/F2806x_v151/F2806x_headers/include" --include_path="C:/projects/CCS/280xxBootLoader/280xxBootLoader/device_support/F2806x_v151/F2806x_common/include" --advice:performance=all --define=_INLINE --define=F2806x_PRE_DEF --undefine=F2803x_PRE_DEF -g --diag_warning=225 --diag_wrap=off --display_error_number --preproc_with_compile --preproc_dependency="device_support/F2806x_v151/F2806x_common/source/F2806x_PieVect.d" --obj_directory="device_support/F2806x_v151/F2806x_common/source"  "../device_support/F2806x_v151/F2806x_common/source/F2806x_PieVect.c"
'Finished building: ../device_support/F2806x_v151/F2806x_common/source/F2806x_PieVect.c'
' '
'Building file: ../device_support/F2806x_v151/F2806x_common/source/F2806x_usDelay.asm'
'Invoking: C2000 Compiler'
"C:/ti/ccsv7/tools/compiler/ti-cgt-c2000_16.9.1.LTS/bin/cl2000" -v28 -ml -mt --float_support=softlib -O4 --opt_for_speed=5 --include_path="C:/projects/CCS/280xxBootLoader/Compiler/ti-cgt-c2000_16.9.1.LTS/include" --include_path="C:/projects/CCS/280xxBootLoader/280xxBootLoader/device_support/F2806x_v151/F2806x_headers/include" --include_path="C:/projects/CCS/280xxBootLoader/280xxBootLoader/device_support/F2806x_v151/F2806x_common/include" --advice:performance=all --define=_INLINE --define=F2806x_PRE_DEF --undefine=F2803x_PRE_DEF -g --diag_warning=225 --diag_wrap=off --display_error_number --preproc_with_compile --preproc_dependency="device_support/F2806x_v151/F2806x_common/source/F2806x_usDelay.d" --obj_directory="device_support/F2806x_v151/F2806x_common/source"  "../device_support/F2806x_v151/F2806x_common/source/F2806x_usDelay.asm"
'Finished building: ../device_support/F2806x_v151/F2806x_common/source/F2806x_usDelay.asm'
' '
'Building file: ../device_support/F2806x_v151/F2806x_common/source/F2806x_SysCtrl.c'
'Invoking: C2000 Compiler'
"C:/ti/ccsv7/tools/compiler/ti-cgt-c2000_16.9.1.LTS/bin/cl2000" -v28 -ml -mt --float_support=softlib -O4 --opt_for_speed=5 --include_path="C:/projects/CCS/280xxBootLoader/Compiler/ti-cgt-c2000_16.9.1.LTS/include" --include_path="C:/projects/CCS/280xxBootLoader/280xxBootLoader/device_support/F2806x_v151/F2806x_headers/include" --include_path="C:/projects/CCS/280xxBootLoader/280xxBootLoader/device_support/F2806x_v151/F2806x_common/include" --advice:performance=all --define=_INLINE --define=F2806x_PRE_DEF --undefine=F2803x_PRE_DEF -g --diag_warning=225 --diag_wrap=off --display_error_number --preproc_with_compile --preproc_dependency="device_support/F2806x_v151/F2806x_common/source/F2806x_SysCtrl.d" --obj_directory="device_support/F2806x_v151/F2806x_common/source"  "../device_support/F2806x_v151/F2806x_common/source/F2806x_SysCtrl.c"
'Finished building: ../device_support/F2806x_v151/F2806x_common/source/F2806x_SysCtrl.c'
' '
'Building file: ../device_support/F2806x_v151/F2806x_headers/source/F2806x_GlobalVariableDefs.c'
'Invoking: C2000 Compiler'
"C:/ti/ccsv7/tools/compiler/ti-cgt-c2000_16.9.1.LTS/bin/cl2000" -v28 -ml -mt --float_support=softlib -O4 --opt_for_speed=5 --include_path="C:/projects/CCS/280xxBootLoader/Compiler/ti-cgt-c2000_16.9.1.LTS/include" --include_path="C:/projects/CCS/280xxBootLoader/280xxBootLoader/device_support/F2806x_v151/F2806x_headers/include" --include_path="C:/projects/CCS/280xxBootLoader/280xxBootLoader/device_support/F2806x_v151/F2806x_common/include" --advice:performance=all --define=_INLINE --define=F2806x_PRE_DEF --undefine=F2803x_PRE_DEF -g --diag_warning=225 --diag_wrap=off --display_error_number --preproc_with_compile --preproc_dependency="device_support/F2806x_v151/F2806x_headers/source/F2806x_GlobalVariableDefs.d" --obj_directory="device_support/F2806x_v151/F2806x_headers/source"  "../device_support/F2806x_v151/F2806x_headers/source/F2806x_GlobalVariableDefs.c"
'Finished building: ../device_support/F2806x_v151/F2806x_headers/source/F2806x_GlobalVariableDefs.c'
' '
'Building target: 280xxBootLoader.out'
'Invoking: C2000 Linker'
"C:/ti/ccsv7/tools/compiler/ti-cgt-c2000_16.9.1.LTS/bin/cl2000" -v28 -ml -mt --float_support=softlib -O4 --opt_for_speed=5 --advice:performance=all --define=_INLINE --define=F2806x_PRE_DEF --undefine=F2803x_PRE_DEF -g --diag_warning=225 --diag_wrap=off --display_error_number -z -m"280xxBootLoader.map" --stack_size=0x300 --warn_sections -i"C:/ti/ccsv7/tools/compiler/ti-cgt-c2000_16.9.1.LTS/lib" -i"C:/ti/ccsv7/tools/compiler/ti-cgt-c2000_16.9.1.LTS/include" --reread_libs --diag_suppress=16002 --diag_wrap=off --display_error_number --xml_link_info="280xxBootLoader_linkInfo.xml" --rom_model -o "280xxBootLoader.out" "./DSP2803x_loaderCodeStartBranch.obj" "./Exit_Boot.obj" "./InitBootLoader.obj" "./SCI_Boot.obj" "./Shared_Boot.obj" "./descriptor.obj" "./flashcheck.obj" "./main.obj" "./device_support/F2806x_v151/F2806x_common/source/F2806x_CpuTimers.obj" "./device_support/F2806x_v151/F2806x_common/source/F2806x_DefaultIsr.obj" "./device_support/F2806x_v151/F2806x_common/source/F2806x_PieCtrl.obj" "./device_support/F2806x_v151/F2806x_common/source/F2806x_PieVect.obj" "./device_support/F2806x_v151/F2806x_common/source/F2806x_SysCtrl.obj" "./device_support/F2806x_v151/F2806x_common/source/F2806x_usDelay.obj" "./device_support/F2806x_v151/F2806x_headers/source/F2806x_GlobalVariableDefs.obj" "../Loader_28069_flash_lnk.cmd" "../device_support/F2806x_v151/F2806x_common/lib/2806x_BootROM_API_TABLE_Symbols.lib" "../device_support/F2806x_v151/F2806x_headers/cmd/F2806x_Headers_nonBIOS.cmd"  -llibc.a 
<Linking>
'Finished building target: 280xxBootLoader.out'
' '

**** Build Finished ****

**** Build of configuration F2806x for project 280xxBootLoader ****

"C:\\ti\\ccsv7\\utils\\bin\\gmake" -k -j 4 all -O 
gmake[1]: '280xxBootLoader.out' is up to date.

**** Build Finished ****
